\BOOKMARK [0][-]{chapter.1}{\376\377\000O\000p\000t\000i\000m\000i\000s\000a\000t\000i\000o\000n\000\040\000T\000h\000e\000o\000r\000y}{}% 1
\BOOKMARK [1][-]{section.1.1}{\376\377\000L\000i\000n\000e\000a\000r\000\040\000P\000r\000o\000g\000r\000a\000m\000m\000i\000n\000g}{chapter.1}% 2
\BOOKMARK [2][-]{subsection.1.1.1}{\376\377\000S\000i\000m\000p\000l\000e\000x\000\040\000M\000e\000t\000h\000o\000d}{section.1.1}% 3
\BOOKMARK [2][-]{subsection.1.1.2}{\376\377\000D\000e\000f\000i\000n\000i\000t\000i\000o\000n}{section.1.1}% 4
\BOOKMARK [2][-]{subsection.1.1.3}{\376\377\000P\000r\000o\000p\000\040\0001\000.\0001\000\040}{section.1.1}% 5
\BOOKMARK [2][-]{subsection.1.1.4}{\376\377\000T\000h\000\040\0001\000.\0002}{section.1.1}% 6
\BOOKMARK [2][-]{subsection.1.1.5}{\376\377\000T\000h\000\040\0001\000.\0003}{section.1.1}% 7
\BOOKMARK [2][-]{subsection.1.1.6}{\376\377\000C\000o\000r\000\040\0001\000.\0004}{section.1.1}% 8
\BOOKMARK [2][-]{subsection.1.1.7}{\376\377\000S\000i\000m\000p\000l\000e\000x\000\040\000M\000e\000t\000h\000o\000d\377\010\123\125\176\257\137\142\154\325\377\011}{section.1.1}% 9
\BOOKMARK [2][-]{subsection.1.1.8}{\376\377\000P\000r\000o\000c\000e\000d\000u\000r\000e\000\040\000o\000f\000\040\000s\000i\000m\000p\000l\000e\000x\000\040\000m\000e\000t\000h\000o\000d}{section.1.1}% 10
\BOOKMARK [2][-]{subsection.1.1.9}{\376\377\000D\000u\000a\000l\000i\000t\000y\377\010\133\371\120\166\377\011\000i\000n\000\040\000l\000i\000n\000e\000a\000r\000\040\000p\000r\000o\000g\000r\000a\000m\000m\000i\000n\000g}{section.1.1}% 11
\BOOKMARK [2][-]{subsection.1.1.10}{\376\377\000D\000u\000a\000l\000\040\000s\000i\000m\000p\000l\000e\000x\000\040\000m\000e\000t\000h\000o\000d}{section.1.1}% 12
\BOOKMARK [1][-]{section.1.2}{\376\377\000N\000o\000n\000-\000l\000i\000n\000e\000a\000r\000\040\000p\000r\000o\000g\000r\000a\000m\000m\000i\000n\000g}{chapter.1}% 13
\BOOKMARK [2][-]{subsection.1.2.1}{\376\377\000D\000u\000a\000l\000i\000t\000y\000\040\000a\000n\000d\000\040\000t\000h\000e\000\040\000L\000a\000g\000r\000a\000n\000g\000i\000a\000n}{section.1.2}% 14
\BOOKMARK [2][-]{subsection.1.2.2}{\376\377\000K\000T\000\040\000c\000o\000n\000d\000i\000t\000i\000o\000n\000s}{section.1.2}% 15
\BOOKMARK [2][-]{subsection.1.2.3}{\376\377\000A\000l\000g\000o\000r\000i\000t\000h\000m\000\040\000M\000e\000t\000h\000o\000d\000s}{section.1.2}% 16
\BOOKMARK [1][-]{section.1.3}{\376\377\000I\000n\000t\000e\000g\000e\000r\000\040\000p\000r\000o\000g\000r\000a\000m\000m\000i\000n\000g}{chapter.1}% 17
\BOOKMARK [2][-]{subsection.1.3.1}{\376\377\000B\000.\000\040\000C\000u\000t\000t\000i\000n\000g\000\040\000p\000l\000a\000n\000e\000\040\000m\000e\000t\000h\000o\000d}{section.1.3}% 18
\BOOKMARK [1][-]{section.1.4}{\376\377\000D\000y\000n\000a\000m\000i\000c\000\040\000P\000r\000o\000g\000r\000a\000m\000m\000i\000n\000g}{chapter.1}% 19
\BOOKMARK [2][-]{subsection.1.4.1}{\376\377\000A\000.\000\040\000K\000n\000a\000p\000s\000a\000c\000k\000\040\000P\000r\000o\000b\000l\000e\000m}{section.1.4}% 20
\BOOKMARK [2][-]{subsection.1.4.2}{\376\377\000B\000.\000\040\0000\000-\0001\000\040\000k\000n\000a\000p\000s\000a\000c\000k\000\040\000P\000r\000o\000b\000l\000e\000m}{section.1.4}% 21
\BOOKMARK [2][-]{subsection.1.4.3}{\376\377\000C\000.\000\040\000R\000e\000s\000o\000u\000r\000c\000e\000\040\000a\000l\000l\000o\000c\000a\000t\000i\000o\000n\000\040\000p\000r\000o\000b\000l\000e\000m}{section.1.4}% 22
\BOOKMARK [0][-]{chapter.2}{\376\377\000G\000a\000m\000e\000\040\000T\000h\000e\000o\000r\000y}{}% 23
\BOOKMARK [1][-]{section.2.1}{\376\377\000I\000n\000t\000r\000o\000d\000u\000c\000t\000i\000o\000n}{chapter.2}% 24
\BOOKMARK [1][-]{section.2.2}{\376\377\000T\000w\000o\000-\000p\000l\000a\000y\000e\000r\000\040\000z\000e\000r\000o\000-\000s\000u\000m\000\040\000a\000n\000d\000\040\000c\000o\000n\000s\000t\000a\000n\000t\000-\000s\000u\000m\000\040\000g\000a\000m\000e\000s}{chapter.2}% 25
\BOOKMARK [1][-]{section.2.3}{\376\377\000T\000w\000o\000-\000p\000l\000a\000y\000e\000r\000\040\000n\000o\000n\000-\000c\000o\000n\000s\000t\000a\000n\000t\000-\000s\000u\000m\000\040\000g\000a\000m\000e\000s}{chapter.2}% 26
\BOOKMARK [2][-]{subsection.2.3.1}{\376\377\000C\000o\000o\000p\000e\000r\000a\000t\000i\000v\000e\000\040\000G\000a\000m\000e\000s}{section.2.3}% 27
\BOOKMARK [1][-]{section.2.4}{\376\377\000G\000a\000m\000e\000s\000\040\000w\000i\000t\000h\000\040\000t\000\040\000p\000l\000a\000y\000e\000r\000s}{chapter.2}% 28
\BOOKMARK [0][-]{chapter.3}{\376\377\000G\000r\000a\000p\000h\000\040\000T\000h\000e\000o\000r\000y\000\040\000a\000n\000d\000\040\000N\000e\000t\000w\000o\000r\000k\000s}{}% 29
\BOOKMARK [1][-]{section.3.1}{\376\377\000T\000e\000r\000m\000i\000n\000o\000l\000o\000g\000y}{chapter.3}% 30
\BOOKMARK [1][-]{section.3.2}{\376\377\000S\000h\000o\000r\000t\000e\000s\000t\000\040\000p\000a\000t\000h\000\040\000p\000r\000o\000b\000l\000e\000m}{chapter.3}% 31
\BOOKMARK [2][-]{subsection.3.2.1}{\376\377\000P\000r\000o\000b\000l\000e\000m\000\040\0003\000.\0001\000\040\000S\000h\000o\000r\000t\000e\000s\000t\000\040\000p\000a\000t\000h\000\040\000p\000r\000o\000b\000l\000e\000m}{section.3.2}% 32
\BOOKMARK [1][-]{section.3.3}{\376\377\000M\000a\000x\000i\000m\000u\000m\000\040\000F\000l\000o\000w\000\040\000P\000r\000o\000b\000l\000e\000m}{chapter.3}% 33
\BOOKMARK [2][-]{subsection.3.3.1}{\376\377\000P\000r\000o\000b\000l\000e\000m\000\040\0003\000.\0005}{section.3.3}% 34
\BOOKMARK [1][-]{section.3.4}{\376\377\000M\000i\000n\000i\000m\000u\000m\000\040\000S\000p\000a\000n\000n\000i\000n\000g\000\040\000T\000r\000e\000e\000\040\000P\000r\000o\000b\000l\000e\000m}{chapter.3}% 35
\BOOKMARK [2][-]{subsection.3.4.1}{\376\377\000P\000r\000o\000b\000l\000e\000m\000\040\0003\000.\0009\000\040\000\050\000M\000i\000n\000i\000m\000u\000m\000\040\000S\000p\000a\000n\000n\000i\000n\000g\000\040\000T\000r\000e\000e\000\040\000P\000r\000o\000b\000l\000e\000m\000\051}{section.3.4}% 36
\BOOKMARK [0][-]{chapter.4}{\376\377\000Q\000u\000e\000u\000e\000i\000n\000g\000\040\000T\000h\000e\000o\000r\000y}{}% 37
\BOOKMARK [1][-]{section.4.1}{\376\377\000Q\000u\000e\000u\000e\000i\000n\000g\000\040\000s\000y\000s\000t\000e\000m}{chapter.4}% 38
\BOOKMARK [1][-]{section.4.2}{\376\377\000T\000h\000e\000\040\000e\000x\000p\000o\000n\000e\000n\000t\000i\000a\000l\000\040\000d\000i\000s\000t\000r\000i\000b\000u\000t\000i\000o\000n}{chapter.4}% 39
\BOOKMARK [1][-]{section.4.3}{\376\377\000B\000i\000r\000t\000h\000-\000D\000e\000a\000t\000h\000\040\000P\000r\000o\000c\000e\000s\000s\000\040\000a\000n\000d\000\040\000M\000/\000M\000/\000s\000\040\000S\000y\000s\000t\000e\000m\000s}{chapter.4}% 40
\BOOKMARK [0][-]{chapter.5}{\376\377\000A\000p\000p\000e\000n\000d\000i\000x}{}% 41
\BOOKMARK [1][-]{section.5.1}{\376\377\000H\000a\000n\000d\000o\000u\000t\000\040\0002\0006\000-\0003\000-\0002\0004}{chapter.5}% 42
